#
# There is insufficient memory for the Java Runtime Environment to continue.
# Native memory allocation (malloc) failed to allocate 1177136 bytes for Chunk::new
# Possible reasons:
#   The system is out of physical RAM or swap space
#   The process is running with CompressedOops enabled, and the Java Heap may be blocking the growth of the native heap
# Possible solutions:
#   Reduce memory load on the system
#   Increase physical memory or swap space
#   Check if swap backing store is full
#   Decrease Java heap size (-Xmx/-Xms)
#   Decrease number of Java threads
#   Decrease Java thread stack sizes (-Xss)
#   Set larger code cache with -XX:ReservedCodeCacheSize=
#   JVM is running with Zero Based Compressed Oops mode in which the Java heap is
#     placed in the first 32GB address space. The Java Heap base address is the
#     maximum limit for the native heap growth. Please use -XX:HeapBaseMinAddress
#     to set the Java Heap base and to place the Java Heap above 32GB virtual address.
# This output file may be truncated or incomplete.
#
#  Out of Memory Error (t:/workspace/open/src/hotspot/share/memory/arena.cpp:197), pid=21436, tid=21128
#
# JRE version: OpenJDK Runtime Environment (11.0.2+9) (build 11.0.2+9)
# Java VM: OpenJDK 64-Bit Server VM (11.0.2+9, mixed mode, tiered, compressed oops, g1 gc, windows-amd64)
# No core dump will be written. Minidumps are not enabled by default on client versions of Windows
#

---------------  S U M M A R Y ------------

Command Line: C:\Users\T27133\AppData\Local\Temp\surefire11160456602579597207\surefirebooter5698866303837818471.jar C:\Users\T27133\AppData\Local\Temp\surefire11160456602579597207 2023-01-13T22-32-04_250-jvmRun1 surefire3622698725220133722tmp surefire_016629199545599474621tmp

Host: 11th Gen Intel(R) Core(TM) i5-1145G7 @ 2.60GHz, 8 cores, 15G,  Windows 10 , 64 bit Build 19041 (10.0.19041.2364)
Time: Fri Jan 13 22:32:10 2023 Hora est. Pacífico, Sudamérica elapsed time: 5 seconds (0d 0h 0m 5s)

---------------  T H R E A D  ---------------

Current thread (0x000001d580df3800):  JavaThread "C2 CompilerThread0" daemon [_thread_in_native, id=21128, stack(0x000000118a000000,0x000000118a100000)]


Current CompileTask:
C2:   5687 4257       4       java.net.URLStreamHandler::parseURL (1201 bytes)

Stack: [0x000000118a000000,0x000000118a100000]
Native frames: (J=compiled Java code, j=interpreted, Vv=VM code, C=native code)
V  [jvm.dll+0x63489a]
V  [jvm.dll+0x771f9f]
V  [jvm.dll+0x773648]
V  [jvm.dll+0x773d03]
V  [jvm.dll+0x25eba8]
V  [jvm.dll+0xc2191]
V  [jvm.dll+0xc271c]
V  [jvm.dll+0x36cc47]
V  [jvm.dll+0x1a97d1]
V  [jvm.dll+0x218ad2]
V  [jvm.dll+0x217b6a]
V  [jvm.dll+0x194370]
V  [jvm.dll+0x226b3f]
V  [jvm.dll+0x225148]
V  [jvm.dll+0x73774d]
V  [jvm.dll+0x633942]
C  [ucrtbase.dll+0x21bb2]
C  [KERNEL32.DLL+0x17614]
C  [ntdll.dll+0x526a1]


---------------  P R O C E S S  ---------------

Threads class SMR info:
_java_thread_list=0x000001d585c5ef30, length=50, elements={
0x000001d5dcdd0000, 0x000001d580dde000, 0x000001d580ddf800, 0x000001d580e48800,
0x000001d580e4a000, 0x000001d580df3800, 0x000001d580df8000, 0x000001d580e01800,
0x000001d580fae000, 0x000001d580fba800, 0x000001d5820e9000, 0x000001d581c30000,
0x000001d5848a6800, 0x000001d58429d800, 0x000001d585b61800, 0x000001d585d1b000,
0x000001d582fed800, 0x000001d585e35000, 0x000001d585656800, 0x000001d5855c1000,
0x000001d581a04000, 0x000001d581a02800, 0x000001d581a03800, 0x000001d5819ff800,
0x000001d581a00000, 0x000001d581a01800, 0x000001d581a01000, 0x000001d5819fe800,
0x000001d581a05000, 0x000001d584018800, 0x000001d584019000, 0x000001d584014000,
0x000001d58401a800, 0x000001d584016800, 0x000001d584017800, 0x000001d58401a000,
0x000001d584015000, 0x000001d584016000, 0x000001d5843dd000, 0x000001d5843de000,
0x000001d5843e1000, 0x000001d5843dc800, 0x000001d5843e2000, 0x000001d5843e3000,
0x000001d5843e3800, 0x000001d5843de800, 0x000001d5843e4800, 0x000001d5843df800,
0x000001d5843e0800, 0x000001d5843e5000
}

Java Threads: ( => current thread )
  0x000001d5dcdd0000 JavaThread "main" [_thread_blocked, id=16228, stack(0x0000001189500000,0x0000001189600000)]
  0x000001d580dde000 JavaThread "Reference Handler" daemon [_thread_blocked, id=2604, stack(0x0000001189c00000,0x0000001189d00000)]
  0x000001d580ddf800 JavaThread "Finalizer" daemon [_thread_blocked, id=12828, stack(0x0000001189d00000,0x0000001189e00000)]
  0x000001d580e48800 JavaThread "Signal Dispatcher" daemon [_thread_blocked, id=21500, stack(0x0000001189e00000,0x0000001189f00000)]
  0x000001d580e4a000 JavaThread "Attach Listener" daemon [_thread_blocked, id=18904, stack(0x0000001189f00000,0x000000118a000000)]
=>0x000001d580df3800 JavaThread "C2 CompilerThread0" daemon [_thread_in_native, id=21128, stack(0x000000118a000000,0x000000118a100000)]
  0x000001d580df8000 JavaThread "C1 CompilerThread0" daemon [_thread_blocked, id=10100, stack(0x000000118a100000,0x000000118a200000)]
  0x000001d580e01800 JavaThread "Sweeper thread" daemon [_thread_blocked, id=4936, stack(0x000000118a200000,0x000000118a300000)]
  0x000001d580fae000 JavaThread "Service Thread" daemon [_thread_blocked, id=16100, stack(0x000000118a300000,0x000000118a400000)]
  0x000001d580fba800 JavaThread "Common-Cleaner" daemon [_thread_blocked, id=19892, stack(0x000000118a500000,0x000000118a600000)]
  0x000001d5820e9000 JavaThread "surefire-forkedjvm-command-thread" daemon [_thread_in_native, id=15928, stack(0x000000118a800000,0x000000118a900000)]
  0x000001d581c30000 JavaThread "pool-2-thread-1" [_thread_blocked, id=16460, stack(0x000000118ae00000,0x000000118af00000)]
  0x000001d5848a6800 JavaThread "C2 CompilerThread1" daemon [_thread_in_native, id=7372, stack(0x000000118a600000,0x000000118a700000)]
  0x000001d58429d800 JavaThread "C2 CompilerThread2" daemon [_thread_in_native, id=18144, stack(0x000000118a700000,0x000000118a800000)]
  0x000001d585b61800 JavaThread "build-1" [_thread_blocked, id=19584, stack(0x000000118b000000,0x000000118b100000)]
  0x000001d585d1b000 JavaThread "build-2" [_thread_blocked, id=17968, stack(0x000000118b100000,0x000000118b200000)]
  0x000001d582fed800 JavaThread "build-3" [_thread_blocked, id=4720, stack(0x000000118b200000,0x000000118b300000)]
  0x000001d585e35000 JavaThread "build-4" [_thread_blocked, id=18192, stack(0x000000118b300000,0x000000118b400000)]
  0x000001d585656800 JavaThread "build-5" [_thread_blocked, id=16768, stack(0x000000118b400000,0x000000118b500000)]
  0x000001d5855c1000 JavaThread "build-6" [_thread_blocked, id=18972, stack(0x000000118b500000,0x000000118b600000)]
  0x000001d581a04000 JavaThread "build-7" [_thread_blocked, id=16172, stack(0x000000118b600000,0x000000118b700000)]
  0x000001d581a02800 JavaThread "build-8" [_thread_in_Java, id=20236, stack(0x000000118b700000,0x000000118b800000)]
  0x000001d581a03800 JavaThread "build-9" [_thread_blocked, id=12180, stack(0x000000118b800000,0x000000118b900000)]
  0x000001d5819ff800 JavaThread "build-10" [_thread_blocked, id=6372, stack(0x000000118b900000,0x000000118ba00000)]
  0x000001d581a00000 JavaThread "build-11" [_thread_blocked, id=12660, stack(0x000000118ba00000,0x000000118bb00000)]
  0x000001d581a01800 JavaThread "build-12" [_thread_blocked, id=3976, stack(0x000000118bb00000,0x000000118bc00000)]
  0x000001d581a01000 JavaThread "build-13" [_thread_blocked, id=19400, stack(0x000000118bc00000,0x000000118bd00000)]
  0x000001d5819fe800 JavaThread "build-14" [_thread_blocked, id=17680, stack(0x000000118bd00000,0x000000118be00000)]
  0x000001d581a05000 JavaThread "build-17" [_thread_blocked, id=3248, stack(0x000000118be00000,0x000000118bf00000)]
  0x000001d584018800 JavaThread "build-16" [_thread_blocked, id=13260, stack(0x000000118bf00000,0x000000118c000000)]
  0x000001d584019000 JavaThread "build-15" [_thread_blocked, id=6488, stack(0x000000118c000000,0x000000118c100000)]
  0x000001d584014000 JavaThread "build-18" [_thread_blocked, id=18700, stack(0x000000118c100000,0x000000118c200000)]
  0x000001d58401a800 JavaThread "build-19" [_thread_blocked, id=1976, stack(0x000000118c200000,0x000000118c300000)]
  0x000001d584016800 JavaThread "build-20" [_thread_blocked, id=6072, stack(0x000000118c300000,0x000000118c400000)]
  0x000001d584017800 JavaThread "build-21" [_thread_blocked, id=14780, stack(0x000000118c400000,0x000000118c500000)]
  0x000001d58401a000 JavaThread "build-22" [_thread_blocked, id=11128, stack(0x000000118c500000,0x000000118c600000)]
  0x000001d584015000 JavaThread "build-23" [_thread_blocked, id=21100, stack(0x000000118c600000,0x000000118c700000)]
  0x000001d584016000 JavaThread "build-24" [_thread_blocked, id=17420, stack(0x000000118c700000,0x000000118c800000)]
  0x000001d5843dd000 JavaThread "build-25" [_thread_blocked, id=21428, stack(0x000000118c800000,0x000000118c900000)]
  0x000001d5843de000 JavaThread "build-26" [_thread_blocked, id=16256, stack(0x000000118c900000,0x000000118ca00000)]
  0x000001d5843e1000 JavaThread "build-27" [_thread_blocked, id=2156, stack(0x000000118ca00000,0x000000118cb00000)]
  0x000001d5843dc800 JavaThread "build-28" [_thread_blocked, id=15016, stack(0x000000118cb00000,0x000000118cc00000)]
  0x000001d5843e2000 JavaThread "build-30" [_thread_blocked, id=16860, stack(0x000000118cc00000,0x000000118cd00000)]
  0x000001d5843e3000 JavaThread "build-29" [_thread_blocked, id=20144, stack(0x000000118cd00000,0x000000118ce00000)]
  0x000001d5843e3800 JavaThread "build-31" [_thread_blocked, id=19568, stack(0x000000118ce00000,0x000000118cf00000)]
  0x000001d5843de800 JavaThread "build-32" [_thread_blocked, id=20448, stack(0x000000118cf00000,0x000000118d000000)]
  0x000001d5843e4800 JavaThread "build-33" [_thread_blocked, id=19820, stack(0x000000118d000000,0x000000118d100000)]
  0x000001d5843df800 JavaThread "build-34" [_thread_blocked, id=20768, stack(0x000000118d100000,0x000000118d200000)]
  0x000001d5843e0800 JavaThread "build-35" [_thread_blocked, id=18944, stack(0x000000118d200000,0x000000118d300000)]
  0x000001d5843e5000 JavaThread "build-36" [_thread_blocked, id=12060, stack(0x000000118d300000,0x000000118d400000)]

Other Threads:
  0x000001d580dbb000 VMThread "VM Thread" [stack: 0x0000001189b00000,0x0000001189c00000] [id=21240]
  0x000001d580fba000 WatcherThread [stack: 0x000000118a400000,0x000000118a500000] [id=20100]
  0x000001d5dcde6000 GCTaskThread "GC Thread#0" [stack: 0x0000001189600000,0x0000001189700000] [id=20500]
  0x000001d581ed8000 GCTaskThread "GC Thread#1" [stack: 0x000000118a900000,0x000000118aa00000] [id=12912]
  0x000001d58266d800 GCTaskThread "GC Thread#2" [stack: 0x000000118aa00000,0x000000118ab00000] [id=13628]
  0x000001d58269b800 GCTaskThread "GC Thread#3" [stack: 0x000000118ab00000,0x000000118ac00000] [id=9944]
  0x000001d582482000 GCTaskThread "GC Thread#4" [stack: 0x000000118ac00000,0x000000118ad00000] [id=11380]
  0x000001d58209d000 GCTaskThread "GC Thread#5" [stack: 0x000000118ad00000,0x000000118ae00000] [id=19712]
  0x000001d5dce42000 ConcurrentGCThread "G1 Main Marker" [stack: 0x0000001189700000,0x0000001189800000] [id=15560]
  0x000001d5dce43000 ConcurrentGCThread "G1 Conc#0" [stack: 0x0000001189800000,0x0000001189900000] [id=20752]
  0x000001d585528000 ConcurrentGCThread "G1 Conc#1" [stack: 0x000000118af00000,0x000000118b000000] [id=2332]
  0x000001d58041a000 ConcurrentGCThread "G1 Refine#0" [stack: 0x0000001189900000,0x0000001189a00000] [id=17112]
  0x000001d58041b000 ConcurrentGCThread "G1 Young RemSet Sampling" [stack: 0x0000001189a00000,0x0000001189b00000] [id=5256]

Threads with active compile tasks:
C2 CompilerThread04257       4       java.net.URLStreamHandler::parseURL (1201 bytes)
C2 CompilerThread14523       4       java.io.DataInputStream::readFully (63 bytes)
C2 CompilerThread24502  s    4       java.io.BufferedInputStream::read (113 bytes)

VM state:not at safepoint (normal execution)

VM Mutex/Monitor currently owned by a thread:  ([mutex/lock_event])
[0x000001d5dcdcb130] CodeCache_lock - owner thread: 0x0000000000000000

Heap address: 0x0000000704e00000, size: 4018 MB, Compressed Oops mode: Zero based, Oop shift amount: 3
Narrow klass base: 0x0000000800000000, Narrow klass shift: 0
Compressed class space size: 1073741824 Address: 0x0000000800000000

Heap:
 garbage-first heap   total 310272K, used 156191K [0x0000000704e00000, 0x0000000800000000)
  region size 1024K, 111 young (113664K), 2 survivors (2048K)
 Metaspace       used 29523K, capacity 30447K, committed 30716K, reserved 1077248K
  class space    used 3169K, capacity 3503K, committed 3580K, reserved 1048576K
Heap Regions: E=young(eden), S=young(survivor), O=old, HS=humongous(starts), HC=humongous(continues), CS=collection set, F=free, A=archive, TAMS=top-at-mark-start (previous, next)
|   0|0x0000000704e00000, 0x0000000704f00000, 0x0000000704f00000|100%|HS|  |TAMS 0x0000000704f00000, 0x0000000704e00000| Complete 
|   1|0x0000000704f00000, 0x0000000705000000, 0x0000000705000000|100%|HC|  |TAMS 0x0000000705000000, 0x0000000704f00000| Complete 
|   2|0x0000000705000000, 0x0000000705100000, 0x0000000705100000|100%| O|  |TAMS 0x0000000705100000, 0x0000000705000000| Untracked 
|   3|0x0000000705100000, 0x0000000705200000, 0x0000000705200000|100%| O|  |TAMS 0x0000000705200000, 0x0000000705100000| Untracked 
|   4|0x0000000705200000, 0x0000000705300000, 0x0000000705300000|100%| O|  |TAMS 0x0000000705300000, 0x0000000705200000| Untracked 
|   5|0x0000000705300000, 0x0000000705400000, 0x0000000705400000|100%| O|  |TAMS 0x0000000705400000, 0x0000000705300000| Untracked 
|   6|0x0000000705400000, 0x0000000705500000, 0x0000000705500000|100%|HS|  |TAMS 0x0000000705500000, 0x0000000705400000| Complete 
|   7|0x0000000705500000, 0x0000000705600000, 0x0000000705600000|100%|HC|  |TAMS 0x0000000705600000, 0x0000000705500000| Complete 
|   8|0x0000000705600000, 0x0000000705700000, 0x0000000705700000|100%| O|  |TAMS 0x0000000705700000, 0x0000000705600000| Untracked 
|   9|0x0000000705700000, 0x0000000705800000, 0x0000000705800000|100%| O|  |TAMS 0x0000000705800000, 0x0000000705700000| Untracked 
|  10|0x0000000705800000, 0x0000000705900000, 0x0000000705900000|100%| O|  |TAMS 0x0000000705900000, 0x0000000705800000| Untracked 
|  11|0x0000000705900000, 0x0000000705a00000, 0x0000000705a00000|100%| O|  |TAMS 0x0000000705a00000, 0x0000000705900000| Untracked 
|  12|0x0000000705a00000, 0x0000000705b00000, 0x0000000705b00000|100%| O|  |TAMS 0x0000000705b00000, 0x0000000705a00000| Untracked 
|  13|0x0000000705b00000, 0x0000000705c00000, 0x0000000705c00000|100%| O|  |TAMS 0x0000000705c00000, 0x0000000705b00000| Untracked 
|  14|0x0000000705c00000, 0x0000000705d00000, 0x0000000705d00000|100%| O|  |TAMS 0x0000000705d00000, 0x0000000705c00000| Untracked 
|  15|0x0000000705d00000, 0x0000000705e00000, 0x0000000705e00000|100%| O|  |TAMS 0x0000000705e00000, 0x0000000705d00000| Untracked 
|  16|0x0000000705e00000, 0x0000000705f00000, 0x0000000705f00000|100%| O|  |TAMS 0x0000000705f00000, 0x0000000705e00000| Untracked 
|  17|0x0000000705f00000, 0x0000000706000000, 0x0000000706000000|100%| O|  |TAMS 0x0000000706000000, 0x0000000705f00000| Untracked 
|  18|0x0000000706000000, 0x0000000706100000, 0x0000000706100000|100%| O|  |TAMS 0x0000000706100000, 0x0000000706000000| Untracked 
|  19|0x0000000706100000, 0x0000000706200000, 0x0000000706200000|100%| O|  |TAMS 0x0000000706200000, 0x0000000706100000| Untracked 
|  20|0x0000000706200000, 0x0000000706300000, 0x0000000706300000|100%| O|  |TAMS 0x0000000706300000, 0x0000000706200000| Untracked 
|  21|0x0000000706300000, 0x0000000706400000, 0x0000000706400000|100%| O|  |TAMS 0x0000000706400000, 0x0000000706300000| Untracked 
|  22|0x0000000706400000, 0x0000000706500000, 0x0000000706500000|100%| O|  |TAMS 0x0000000706500000, 0x0000000706400000| Untracked 
|  23|0x0000000706500000, 0x0000000706600000, 0x0000000706600000|100%| O|  |TAMS 0x0000000706600000, 0x0000000706500000| Untracked 
|  24|0x0000000706600000, 0x0000000706700000, 0x0000000706700000|100%| O|  |TAMS 0x0000000706700000, 0x0000000706600000| Untracked 
|  25|0x0000000706700000, 0x0000000706800000, 0x0000000706800000|100%| O|  |TAMS 0x0000000706800000, 0x0000000706700000| Untracked 
|  26|0x0000000706800000, 0x0000000706900000, 0x0000000706900000|100%| O|  |TAMS 0x0000000706900000, 0x0000000706800000| Untracked 
|  27|0x0000000706900000, 0x0000000706a00000, 0x0000000706a00000|100%| O|  |TAMS 0x0000000706a00000, 0x0000000706900000| Untracked 
|  28|0x0000000706a00000, 0x0000000706b00000, 0x0000000706b00000|100%| O|  |TAMS 0x0000000706b00000, 0x0000000706a00000| Untracked 
|  29|0x0000000706b00000, 0x0000000706c00000, 0x0000000706c00000|100%| O|  |TAMS 0x0000000706c00000, 0x0000000706b00000| Untracked 
|  30|0x0000000706c00000, 0x0000000706d00000, 0x0000000706d00000|100%| O|  |TAMS 0x0000000706d00000, 0x0000000706c00000| Untracked 
|  31|0x0000000706d00000, 0x0000000706e00000, 0x0000000706e00000|100%| O|  |TAMS 0x0000000706e00000, 0x0000000706d00000| Untracked 
|  32|0x0000000706e00000, 0x0000000706f00000, 0x0000000706f00000|100%| O|  |TAMS 0x0000000706f00000, 0x0000000706e00000| Untracked 
|  33|0x0000000706f00000, 0x0000000707000000, 0x0000000707000000|100%| O|  |TAMS 0x0000000707000000, 0x0000000706f00000| Untracked 
|  34|0x0000000707000000, 0x0000000707100000, 0x0000000707100000|100%| O|  |TAMS 0x0000000707100000, 0x0000000707000000| Untracked 
|  35|0x0000000707100000, 0x0000000707200000, 0x0000000707200000|100%| O|  |TAMS 0x0000000707200000, 0x0000000707100000| Untracked 
|  36|0x0000000707200000, 0x0000000707200000, 0x0000000707300000|  0%| F|  |TAMS 0x0000000707200000, 0x0000000707200000| Untracked 
|  37|0x0000000707300000, 0x0000000707300000, 0x0000000707400000|  0%| F|  |TAMS 0x0000000707300000, 0x0000000707300000| Untracked 
|  38|0x0000000707400000, 0x0000000707400000, 0x0000000707500000|  0%| F|  |TAMS 0x0000000707400000, 0x0000000707400000| Untracked 
|  39|0x0000000707500000, 0x0000000707500000, 0x0000000707600000|  0%| F|  |TAMS 0x0000000707500000, 0x0000000707500000| Untracked 
|  40|0x0000000707600000, 0x0000000707700000, 0x0000000707700000|100%| O|  |TAMS 0x0000000707700000, 0x0000000707600000| Untracked 
|  41|0x0000000707700000, 0x0000000707800000, 0x0000000707800000|100%| O|  |TAMS 0x0000000707800000, 0x0000000707700000| Untracked 
|  42|0x0000000707800000, 0x0000000707900000, 0x0000000707900000|100%| O|  |TAMS 0x0000000707900000, 0x0000000707800000| Untracked 
|  43|0x0000000707900000, 0x0000000707a00000, 0x0000000707a00000|100%| O|  |TAMS 0x0000000707a00000, 0x0000000707900000| Untracked 
|  44|0x0000000707a00000, 0x0000000707b00000, 0x0000000707b00000|100%| O|  |TAMS 0x0000000707b00000, 0x0000000707a00000| Untracked 
|  45|0x0000000707b00000, 0x0000000707c00000, 0x0000000707c00000|100%| O|  |TAMS 0x0000000707c00000, 0x0000000707b00000| Untracked 
|  46|0x0000000707c00000, 0x0000000707d00000, 0x0000000707d00000|100%| O|  |TAMS 0x0000000707d00000, 0x0000000707c00000| Untracked 
|  47|0x0000000707d00000, 0x0000000707ddfc00, 0x0000000707e00000| 87%| O|  |TAMS 0x0000000707ddfc00, 0x0000000707d00000| Untracked 
|  48|0x0000000707e00000, 0x0000000707e00000, 0x0000000707f00000|  0%| F|  |TAMS 0x0000000707e00000, 0x0000000707e00000| Untracked 
|  49|0x0000000707f00000, 0x0000000707f00000, 0x0000000708000000|  0%| F|  |TAMS 0x0000000707f00000, 0x0000000707f00000| Untracked 
|  50|0x0000000708000000, 0x0000000708000000, 0x0000000708100000|  0%| F|  |TAMS 0x0000000708000000, 0x0000000708000000| Untracked 
|  51|0x0000000708100000, 0x0000000708100000, 0x0000000708200000|  0%| F|  |TAMS 0x0000000708100000, 0x0000000708100000| Untracked 
|  52|0x0000000708200000, 0x0000000708200000, 0x0000000708300000|  0%| F|  |TAMS 0x0000000708200000, 0x0000000708200000| Untracked 
|  53|0x0000000708300000, 0x0000000708300000, 0x0000000708400000|  0%| F|  |TAMS 0x0000000708300000, 0x0000000708300000| Untracked 
|  54|0x0000000708400000, 0x0000000708400000, 0x0000000708500000|  0%| F|  |TAMS 0x0000000708400000, 0x0000000708400000| Untracked 
|  55|0x0000000708500000, 0x0000000708500000, 0x0000000708600000|  0%| F|  |TAMS 0x0000000708500000, 0x0000000708500000| Untracked 
|  56|0x0000000708600000, 0x0000000708600000, 0x0000000708700000|  0%| F|  |TAMS 0x0000000708600000, 0x0000000708600000| Untracked 
|  57|0x0000000708700000, 0x0000000708700000, 0x0000000708800000|  0%| F|  |TAMS 0x0000000708700000, 0x0000000708700000| Untracked 
|  58|0x0000000708800000, 0x0000000708800000, 0x0000000708900000|  0%| F|  |TAMS 0x0000000708800000, 0x0000000708800000| Untracked 
|  59|0x0000000708900000, 0x0000000708900000, 0x0000000708a00000|  0%| F|  |TAMS 0x0000000708900000, 0x0000000708900000| Untracked 
|  60|0x0000000708a00000, 0x0000000708a00000, 0x0000000708b00000|  0%| F|  |TAMS 0x0000000708a00000, 0x0000000708a00000| Untracked 
|  61|0x0000000708b00000, 0x0000000708b00000, 0x0000000708c00000|  0%| F|  |TAMS 0x0000000708b00000, 0x0000000708b00000| Untracked 
|  62|0x0000000708c00000, 0x0000000708c00000, 0x0000000708d00000|  0%| F|  |TAMS 0x0000000708c00000, 0x0000000708c00000| Untracked 
|  63|0x0000000708d00000, 0x0000000708d00000, 0x0000000708e00000|  0%| F|  |TAMS 0x0000000708d00000, 0x0000000708d00000| Untracked 
|  64|0x0000000708e00000, 0x0000000708e00000, 0x0000000708f00000|  0%| F|  |TAMS 0x0000000708e00000, 0x0000000708e00000| Untracked 
|  65|0x0000000708f00000, 0x0000000708f00000, 0x0000000709000000|  0%| F|  |TAMS 0x0000000708f00000, 0x0000000708f00000| Untracked 
|  66|0x0000000709000000, 0x0000000709000000, 0x0000000709100000|  0%| F|  |TAMS 0x0000000709000000, 0x0000000709000000| Untracked 
|  67|0x0000000709100000, 0x0000000709100000, 0x0000000709200000|  0%| F|  |TAMS 0x0000000709100000, 0x0000000709100000| Untracked 
|  68|0x0000000709200000, 0x0000000709200000, 0x0000000709300000|  0%| F|  |TAMS 0x0000000709200000, 0x0000000709200000| Untracked 
|  69|0x0000000709300000, 0x0000000709300000, 0x0000000709400000|  0%| F|  |TAMS 0x0000000709300000, 0x0000000709300000| Untracked 
|  70|0x0000000709400000, 0x0000000709400000, 0x0000000709500000|  0%| F|  |TAMS 0x0000000709400000, 0x0000000709400000| Untracked 
|  71|0x0000000709500000, 0x0000000709500000, 0x0000000709600000|  0%| F|  |TAMS 0x0000000709500000, 0x0000000709500000| Untracked 
|  72|0x0000000709600000, 0x0000000709600000, 0x0000000709700000|  0%| F|  |TAMS 0x0000000709600000, 0x0000000709600000| Untracked 
|  73|0x0000000709700000, 0x0000000709700000, 0x0000000709800000|  0%| F|  |TAMS 0x0000000709700000, 0x0000000709700000| Untracked 
|  74|0x0000000709800000, 0x0000000709800000, 0x0000000709900000|  0%| F|  |TAMS 0x0000000709800000, 0x0000000709800000| Untracked 
|  75|0x0000000709900000, 0x0000000709900000, 0x0000000709a00000|  0%| F|  |TAMS 0x0000000709900000, 0x0000000709900000| Untracked 
|  76|0x0000000709a00000, 0x0000000709a00000, 0x0000000709b00000|  0%| F|  |TAMS 0x0000000709a00000, 0x0000000709a00000| Untracked 
|  77|0x0000000709b00000, 0x0000000709b00000, 0x0000000709c00000|  0%| F|  |TAMS 0x0000000709b00000, 0x0000000709b00000| Untracked 
|  78|0x0000000709c00000, 0x0000000709c00000, 0x0000000709d00000|  0%| F|  |TAMS 0x0000000709c00000, 0x0000000709c00000| Untracked 
|  79|0x0000000709d00000, 0x0000000709d00000, 0x0000000709e00000|  0%| F|  |TAMS 0x0000000709d00000, 0x0000000709d00000| Untracked 
|  80|0x0000000709e00000, 0x0000000709e00000, 0x0000000709f00000|  0%| F|  |TAMS 0x0000000709e00000, 0x0000000709e00000| Untracked 
|  81|0x0000000709f00000, 0x0000000709f00000, 0x000000070a000000|  0%| F|  |TAMS 0x0000000709f00000, 0x0000000709f00000| Untracked 
|  82|0x000000070a000000, 0x000000070a000000, 0x000000070a100000|  0%| F|  |TAMS 0x000000070a000000, 0x000000070a000000| Untracked 
|  83|0x000000070a100000, 0x000000070a100000, 0x000000070a200000|  0%| F|  |TAMS 0x000000070a100000, 0x000000070a100000| Untracked 
|  84|0x000000070a200000, 0x000000070a200000, 0x000000070a300000|  0%| F|  |TAMS 0x000000070a200000, 0x000000070a200000| Untracked 
|  85|0x000000070a300000, 0x000000070a300000, 0x000000070a400000|  0%| F|  |TAMS 0x000000070a300000, 0x000000070a300000| Untracked 
|  86|0x000000070a400000, 0x000000070a400000, 0x000000070a500000|  0%| F|  |TAMS 0x000000070a400000, 0x000000070a400000| Untracked 
|  87|0x000000070a500000, 0x000000070a500000, 0x000000070a600000|  0%| F|  |TAMS 0x000000070a500000, 0x000000070a500000| Untracked 
|  88|0x000000070a600000, 0x000000070a600000, 0x000000070a700000|  0%| F|  |TAMS 0x000000070a600000, 0x000000070a600000| Untracked 
|  89|0x000000070a700000, 0x000000070a700000, 0x000000070a800000|  0%| F|  |TAMS 0x000000070a700000, 0x000000070a700000| Untracked 
|  90|0x000000070a800000, 0x000000070a800000, 0x000000070a900000|  0%| F|  |TAMS 0x000000070a800000, 0x000000070a800000| Untracked 
|  91|0x000000070a900000, 0x000000070a900000, 0x000000070aa00000|  0%| F|  |TAMS 0x000000070a900000, 0x000000070a900000| Untracked 
|  92|0x000000070aa00000, 0x000000070aa00000, 0x000000070ab00000|  0%| F|  |TAMS 0x000000070aa00000, 0x000000070aa00000| Untracked 
|  93|0x000000070ab00000, 0x000000070ab00000, 0x000000070ac00000|  0%| F|  |TAMS 0x000000070ab00000, 0x000000070ab00000| Untracked 
|  94|0x000000070ac00000, 0x000000070ac00000, 0x000000070ad00000|  0%| F|  |TAMS 0x000000070ac00000, 0x000000070ac00000| Untracked 
|  95|0x000000070ad00000, 0x000000070ad00000, 0x000000070ae00000|  0%| F|  |TAMS 0x000000070ad00000, 0x000000070ad00000| Untracked 
|  96|0x000000070ae00000, 0x000000070ae00000, 0x000000070af00000|  0%| F|  |TAMS 0x000000070ae00000, 0x000000070ae00000| Untracked 
|  97|0x000000070af00000, 0x000000070af00000, 0x000000070b000000|  0%| F|  |TAMS 0x000000070af00000, 0x000000070af00000| Untracked 
|  98|0x000000070b000000, 0x000000070b000000, 0x000000070b100000|  0%| F|  |TAMS 0x000000070b000000, 0x000000070b000000| Untracked 
|  99|0x000000070b100000, 0x000000070b100000, 0x000000070b200000|  0%| F|  |TAMS 0x000000070b100000, 0x000000070b100000| Untracked 
| 100|0x000000070b200000, 0x000000070b200000, 0x000000070b300000|  0%| F|  |TAMS 0x000000070b200000, 0x000000070b200000| Untracked 
| 101|0x000000070b300000, 0x000000070b300000, 0x000000070b400000|  0%| F|  |TAMS 0x000000070b300000, 0x000000070b300000| Untracked 
| 102|0x000000070b400000, 0x000000070b400000, 0x000000070b500000|  0%| F|  |TAMS 0x000000070b400000, 0x000000070b400000| Untracked 
| 103|0x000000070b500000, 0x000000070b500000, 0x000000070b600000|  0%| F|  |TAMS 0x000000070b500000, 0x000000070b500000| Untracked 
| 104|0x000000070b600000, 0x000000070b600000, 0x000000070b700000|  0%| F|  |TAMS 0x000000070b600000, 0x000000070b600000| Untracked 
| 105|0x000000070b700000, 0x000000070b700000, 0x000000070b800000|  0%| F|  |TAMS 0x000000070b700000, 0x000000070b700000| Untracked 
| 106|0x000000070b800000, 0x000000070b800000, 0x000000070b900000|  0%| F|  |TAMS 0x000000070b800000, 0x000000070b800000| Untracked 
| 107|0x000000070b900000, 0x000000070b900000, 0x000000070ba00000|  0%| F|  |TAMS 0x000000070b900000, 0x000000070b900000| Untracked 
| 108|0x000000070ba00000, 0x000000070ba00000, 0x000000070bb00000|  0%| F|  |TAMS 0x000000070ba00000, 0x000000070ba00000| Untracked 
| 109|0x000000070bb00000, 0x000000070bb00000, 0x000000070bc00000|  0%| F|  |TAMS 0x000000070bb00000, 0x000000070bb00000| Untracked 
| 110|0x000000070bc00000, 0x000000070bc00000, 0x000000070bd00000|  0%| F|  |TAMS 0x000000070bc00000, 0x000000070bc00000| Untracked 
| 111|0x000000070bd00000, 0x000000070bd00000, 0x000000070be00000|  0%| F|  |TAMS 0x000000070bd00000, 0x000000070bd00000| Untracked 
| 112|0x000000070be00000, 0x000000070be00000, 0x000000070bf00000|  0%| F|  |TAMS 0x000000070be00000, 0x000000070be00000| Untracked 
| 113|0x000000070bf00000, 0x000000070bf00000, 0x000000070c000000|  0%| F|  |TAMS 0x000000070bf00000, 0x000000070bf00000| Untracked 
| 114|0x000000070c000000, 0x000000070c000000, 0x000000070c100000|  0%| F|  |TAMS 0x000000070c000000, 0x000000070c000000| Untracked 
| 115|0x000000070c100000, 0x000000070c100000, 0x000000070c200000|  0%| F|  |TAMS 0x000000070c100000, 0x000000070c100000| Untracked 
| 116|0x000000070c200000, 0x000000070c200000, 0x000000070c300000|  0%| F|  |TAMS 0x000000070c200000, 0x000000070c200000| Untracked 
| 117|0x000000070c300000, 0x000000070c300000, 0x000000070c400000|  0%| F|  |TAMS 0x000000070c300000, 0x000000070c300000| Untracked 
| 118|0x000000070c400000, 0x000000070c400000, 0x000000070c500000|  0%| F|  |TAMS 0x000000070c400000, 0x000000070c400000| Untracked 
| 119|0x000000070c500000, 0x000000070c500000, 0x000000070c600000|  0%| F|  |TAMS 0x000000070c500000, 0x000000070c500000| Untracked 
| 120|0x000000070c600000, 0x000000070c600000, 0x000000070c700000|  0%| F|  |TAMS 0x000000070c600000, 0x000000070c600000| Untracked 
| 121|0x000000070c700000, 0x000000070c700000, 0x000000070c800000|  0%| F|  |TAMS 0x000000070c700000, 0x000000070c700000| Untracked 
| 122|0x000000070c800000, 0x000000070c800000, 0x000000070c900000|  0%| F|  |TAMS 0x000000070c800000, 0x000000070c800000| Untracked 
| 123|0x000000070c900000, 0x000000070c900000, 0x000000070ca00000|  0%| F|  |TAMS 0x000000070c900000, 0x000000070c900000| Untracked 
| 124|0x000000070ca00000, 0x000000070ca00000, 0x000000070cb00000|  0%| F|  |TAMS 0x000000070ca00000, 0x000000070ca00000| Untracked 
| 125|0x000000070cb00000, 0x000000070cb00000, 0x000000070cc00000|  0%| F|  |TAMS 0x000000070cb00000, 0x000000070cb00000| Untracked 
| 126|0x000000070cc00000, 0x000000070cc00000, 0x000000070cd00000|  0%| F|  |TAMS 0x000000070cc00000, 0x000000070cc00000| Untracked 
| 127|0x000000070cd00000, 0x000000070cd00000, 0x000000070ce00000|  0%| F|  |TAMS 0x000000070cd00000, 0x000000070cd00000| Untracked 
| 128|0x000000070ce00000, 0x000000070ce00000, 0x000000070cf00000|  0%| F|  |TAMS 0x000000070ce00000, 0x000000070ce00000| Untracked 
| 129|0x000000070cf00000, 0x000000070cf00000, 0x000000070d000000|  0%| F|  |TAMS 0x000000070cf00000, 0x000000070cf00000| Untracked 
| 130|0x000000070d000000, 0x000000070d000000, 0x000000070d100000|  0%| F|  |TAMS 0x000000070d000000, 0x000000070d000000| Untracked 
| 131|0x000000070d100000, 0x000000070d100000, 0x000000070d200000|  0%| F|  |TAMS 0x000000070d100000, 0x000000070d100000| Untracked 
| 132|0x000000070d200000, 0x000000070d200000, 0x000000070d300000|  0%| F|  |TAMS 0x000000070d200000, 0x000000070d200000| Untracked 
| 133|0x000000070d300000, 0x000000070d300000, 0x000000070d400000|  0%| F|  |TAMS 0x000000070d300000, 0x000000070d300000| Untracked 
| 134|0x000000070d400000, 0x000000070d400000, 0x000000070d500000|  0%| F|  |TAMS 0x000000070d400000, 0x000000070d400000| Untracked 
| 135|0x000000070d500000, 0x000000070d500000, 0x000000070d600000|  0%| F|  |TAMS 0x000000070d500000, 0x000000070d500000| Untracked 
| 136|0x000000070d600000, 0x000000070d600000, 0x000000070d700000|  0%| F|  |TAMS 0x000000070d600000, 0x000000070d600000| Untracked 
| 137|0x000000070d700000, 0x000000070d700000, 0x000000070d800000|  0%| F|  |TAMS 0x000000070d700000, 0x000000070d700000| Untracked 
| 138|0x000000070d800000, 0x000000070d800000, 0x000000070d900000|  0%| F|  |TAMS 0x000000070d800000, 0x000000070d800000| Untracked 
| 139|0x000000070d900000, 0x000000070d900000, 0x000000070da00000|  0%| F|  |TAMS 0x000000070d900000, 0x000000070d900000| Untracked 
| 140|0x000000070da00000, 0x000000070da00000, 0x000000070db00000|  0%| F|  |TAMS 0x000000070da00000, 0x000000070da00000| Untracked 
| 141|0x000000070db00000, 0x000000070db00000, 0x000000070dc00000|  0%| F|  |TAMS 0x000000070db00000, 0x000000070db00000| Untracked 
| 142|0x000000070dc00000, 0x000000070dc00000, 0x000000070dd00000|  0%| F|  |TAMS 0x000000070dc00000, 0x000000070dc00000| Untracked 
| 143|0x000000070dd00000, 0x000000070dd00000, 0x000000070de00000|  0%| F|  |TAMS 0x000000070dd00000, 0x000000070dd00000| Untracked 
| 144|0x000000070de00000, 0x000000070de00000, 0x000000070df00000|  0%| F|  |TAMS 0x000000070de00000, 0x000000070de00000| Untracked 
| 145|0x000000070df00000, 0x000000070df00000, 0x000000070e000000|  0%| F|  |TAMS 0x000000070df00000, 0x000000070df00000| Untracked 
| 146|0x000000070e000000, 0x000000070e000000, 0x000000070e100000|  0%| F|  |TAMS 0x000000070e000000, 0x000000070e000000| Untracked 
| 147|0x000000070e100000, 0x000000070e100000, 0x000000070e200000|  0%| F|  |TAMS 0x000000070e100000, 0x000000070e100000| Untracked 
| 148|0x000000070e200000, 0x000000070e200000, 0x000000070e300000|  0%| F|  |TAMS 0x000000070e200000, 0x000000070e200000| Untracked 
| 149|0x000000070e300000, 0x000000070e300000, 0x000000070e400000|  0%| F|  |TAMS 0x000000070e300000, 0x000000070e300000| Untracked 
| 150|0x000000070e400000, 0x000000070e400000, 0x000000070e500000|  0%| F|  |TAMS 0x000000070e400000, 0x000000070e400000| Untracked 
| 151|0x000000070e500000, 0x000000070e500000, 0x000000070e600000|  0%| F|  |TAMS 0x000000070e500000, 0x000000070e500000| Untracked 
| 152|0x000000070e600000, 0x000000070e600000, 0x000000070e700000|  0%| F|  |TAMS 0x000000070e600000, 0x000000070e600000| Untracked 
| 153|0x000000070e700000, 0x000000070e700000, 0x000000070e800000|  0%| F|  |TAMS 0x000000070e700000, 0x000000070e700000| Untracked 
| 154|0x000000070e800000, 0x000000070e800000, 0x000000070e900000|  0%| F|  |TAMS 0x000000070e800000, 0x000000070e800000| Untracked 
| 155|0x000000070e900000, 0x000000070e900000, 0x000000070ea00000|  0%| F|  |TAMS 0x000000070e900000, 0x000000070e900000| Untracked 
| 156|0x000000070ea00000, 0x000000070ea00000, 0x000000070eb00000|  0%| F|  |TAMS 0x000000070ea00000, 0x000000070ea00000| Untracked 
| 157|0x000000070eb00000, 0x000000070eb00000, 0x000000070ec00000|  0%| F|  |TAMS 0x000000070eb00000, 0x000000070eb00000| Untracked 
| 158|0x000000070ec00000, 0x000000070ec00000, 0x000000070ed00000|  0%| F|  |TAMS 0x000000070ec00000, 0x000000070ec00000| Untracked 
| 159|0x000000070ed00000, 0x000000070ed00000, 0x000000070ee00000|  0%| F|  |TAMS 0x000000070ed00000, 0x000000070ed00000| Untracked 
| 160|0x000000070ee00000, 0x000000070ee00000, 0x000000070ef00000|  0%| F|  |TAMS 0x000000070ee00000, 0x000000070ee00000| Untracked 
| 161|0x000000070ef00000, 0x000000070ef00000, 0x000000070f000000|  0%| F|  |TAMS 0x000000070ef00000, 0x000000070ef00000| Untracked 
| 162|0x000000070f000000, 0x000000070f000000, 0x000000070f100000|  0%| F|  |TAMS 0x000000070f000000, 0x000000070f000000| Untracked 
| 163|0x000000070f100000, 0x000000070f100000, 0x000000070f200000|  0%| F|  |TAMS 0x000000070f100000, 0x000000070f100000| Untracked 
| 164|0x000000070f200000, 0x000000070f200000, 0x000000070f300000|  0%| F|  |TAMS 0x000000070f200000, 0x000000070f200000| Untracked 
| 165|0x000000070f300000, 0x000000070f300000, 0x000000070f400000|  0%| F|  |TAMS 0x000000070f300000, 0x000000070f300000| Untracked 
| 166|0x000000070f400000, 0x000000070f400000, 0x000000070f500000|  0%| F|  |TAMS 0x000000070f400000, 0x000000070f400000| Untracked 
| 167|0x000000070f500000, 0x000000070f500000, 0x000000070f600000|  0%| F|  |TAMS 0x000000070f500000, 0x000000070f500000| Untracked 
| 168|0x000000070f600000, 0x000000070f600000, 0x000000070f700000|  0%| F|  |TAMS 0x000000070f600000, 0x000000070f600000| Untracked 
| 169|0x000000070f700000, 0x000000070f700000, 0x000000070f800000|  0%| F|  |TAMS 0x000000070f700000, 0x000000070f700000| Untracked 
| 170|0x000000070f800000, 0x000000070f800000, 0x000000070f900000|  0%| F|  |TAMS 0x000000070f800000, 0x000000070f800000| Untracked 
| 171|0x000000070f900000, 0x000000070f900000, 0x000000070fa00000|  0%| F|  |TAMS 0x000000070f900000, 0x000000070f900000| Untracked 
| 172|0x000000070fa00000, 0x000000070fa00000, 0x000000070fb00000|  0%| F|  |TAMS 0x000000070fa00000, 0x000000070fa00000| Untracked 
| 173|0x000000070fb00000, 0x000000070fb00000, 0x000000070fc00000|  0%| F|  |TAMS 0x000000070fb00000, 0x000000070fb00000| Untracked 
| 174|0x000000070fc00000, 0x000000070fc00000, 0x000000070fd00000|  0%| F|  |TAMS 0x000000070fc00000, 0x000000070fc00000| Untracked 
| 175|0x000000070fd00000, 0x000000070fd00000, 0x000000070fe00000|  0%| F|  |TAMS 0x000000070fd00000, 0x000000070fd00000| Untracked 
| 176|0x000000070fe00000, 0x000000070fe00000, 0x000000070ff00000|  0%| F|  |TAMS 0x000000070fe00000, 0x000000070fe00000| Untracked 
| 177|0x000000070ff00000, 0x000000070ff00000, 0x0000000710000000|  0%| F|  |TAMS 0x000000070ff00000, 0x000000070ff00000| Untracked 
| 178|0x0000000710000000, 0x0000000710000000, 0x0000000710100000|  0%| F|  |TAMS 0x0000000710000000, 0x0000000710000000| Untracked 
| 179|0x0000000710100000, 0x0000000710100000, 0x0000000710200000|  0%| F|  |TAMS 0x0000000710100000, 0x0000000710100000| Untracked 
| 180|0x0000000710200000, 0x0000000710200000, 0x0000000710300000|  0%| F|  |TAMS 0x0000000710200000, 0x0000000710200000| Untracked 
| 181|0x0000000710300000, 0x0000000710300000, 0x0000000710400000|  0%| F|  |TAMS 0x0000000710300000, 0x0000000710300000| Untracked 
| 182|0x0000000710400000, 0x0000000710400000, 0x0000000710500000|  0%| F|  |TAMS 0x0000000710400000, 0x0000000710400000| Untracked 
| 183|0x0000000710500000, 0x0000000710500000, 0x0000000710600000|  0%| F|  |TAMS 0x0000000710500000, 0x0000000710500000| Untracked 
| 184|0x0000000710600000, 0x0000000710600000, 0x0000000710700000|  0%| F|  |TAMS 0x0000000710600000, 0x0000000710600000| Untracked 
| 185|0x0000000710700000, 0x0000000710700000, 0x0000000710800000|  0%| F|  |TAMS 0x0000000710700000, 0x0000000710700000| Untracked 
| 186|0x0000000710800000, 0x0000000710800000, 0x0000000710900000|  0%| F|  |TAMS 0x0000000710800000, 0x0000000710800000| Untracked 
| 187|0x0000000710900000, 0x0000000710900000, 0x0000000710a00000|  0%| F|  |TAMS 0x0000000710900000, 0x0000000710900000| Untracked 
| 188|0x0000000710a00000, 0x0000000710a00000, 0x0000000710b00000|  0%| F|  |TAMS 0x0000000710a00000, 0x0000000710a00000| Untracked 
| 189|0x0000000710b00000, 0x0000000710b00000, 0x0000000710c00000|  0%| F|  |TAMS 0x0000000710b00000, 0x0000000710b00000| Untracked 
| 190|0x0000000710c00000, 0x0000000710c00000, 0x0000000710d00000|  0%| F|  |TAMS 0x0000000710c00000, 0x0000000710c00000| Untracked 
| 191|0x0000000710d00000, 0x0000000710d80800, 0x0000000710e00000| 50%| E|  |TAMS 0x0000000710d00000, 0x0000000710d00000| Complete 
| 192|0x0000000710e00000, 0x0000000710f00000, 0x0000000710f00000|100%| E|CS|TAMS 0x0000000710e00000, 0x0000000710e00000| Complete 
| 193|0x0000000710f00000, 0x0000000711000000, 0x0000000711000000|100%| E|CS|TAMS 0x0000000710f00000, 0x0000000710f00000| Complete 
| 194|0x0000000711000000, 0x0000000711100000, 0x0000000711100000|100%| E|CS|TAMS 0x0000000711000000, 0x0000000711000000| Complete 
| 195|0x0000000711100000, 0x0000000711200000, 0x0000000711200000|100%| E|CS|TAMS 0x0000000711100000, 0x0000000711100000| Complete 
| 196|0x0000000711200000, 0x0000000711300000, 0x0000000711300000|100%| E|CS|TAMS 0x0000000711200000, 0x0000000711200000| Complete 
| 197|0x0000000711300000, 0x0000000711400000, 0x0000000711400000|100%| E|CS|TAMS 0x0000000711300000, 0x0000000711300000| Complete 
| 198|0x0000000711400000, 0x0000000711500000, 0x0000000711500000|100%| E|CS|TAMS 0x0000000711400000, 0x0000000711400000| Complete 
| 199|0x0000000711500000, 0x0000000711600000, 0x0000000711600000|100%| E|CS|TAMS 0x0000000711500000, 0x0000000711500000| Complete 
| 200|0x0000000711600000, 0x0000000711700000, 0x0000000711700000|100%| E|CS|TAMS 0x0000000711600000, 0x0000000711600000| Complete 
| 201|0x0000000711700000, 0x0000000711800000, 0x0000000711800000|100%| E|CS|TAMS 0x0000000711700000, 0x0000000711700000| Complete 
| 202|0x0000000711800000, 0x0000000711900000, 0x0000000711900000|100%| E|CS|TAMS 0x0000000711800000, 0x0000000711800000| Complete 
| 203|0x0000000711900000, 0x0000000711a00000, 0x0000000711a00000|100%| E|CS|TAMS 0x0000000711900000, 0x0000000711900000| Complete 
| 204|0x0000000711a00000, 0x0000000711b00000, 0x0000000711b00000|100%| E|CS|TAMS 0x0000000711a00000, 0x0000000711a00000| Complete 
| 205|0x0000000711b00000, 0x0000000711c00000, 0x0000000711c00000|100%| E|CS|TAMS 0x0000000711b00000, 0x0000000711b00000| Complete 
| 206|0x0000000711c00000, 0x0000000711d00000, 0x0000000711d00000|100%| E|CS|TAMS 0x0000000711c00000, 0x0000000711c00000| Complete 
| 207|0x0000000711d00000, 0x0000000711e00000, 0x0000000711e00000|100%| E|CS|TAMS 0x0000000711d00000, 0x0000000711d00000| Complete 
| 208|0x0000000711e00000, 0x0000000711f00000, 0x0000000711f00000|100%| E|CS|TAMS 0x0000000711e00000, 0x0000000711e00000| Complete 
| 209|0x0000000711f00000, 0x0000000712000000, 0x0000000712000000|100%| E|CS|TAMS 0x0000000711f00000, 0x0000000711f00000| Complete 
| 210|0x0000000712000000, 0x0000000712100000, 0x0000000712100000|100%| E|CS|TAMS 0x0000000712000000, 0x0000000712000000| Complete 
| 211|0x0000000712100000, 0x0000000712200000, 0x0000000712200000|100%| E|CS|TAMS 0x0000000712100000, 0x0000000712100000| Complete 
| 212|0x0000000712200000, 0x0000000712300000, 0x0000000712300000|100%| E|CS|TAMS 0x0000000712200000, 0x0000000712200000| Complete 
| 213|0x0000000712300000, 0x0000000712400000, 0x0000000712400000|100%| E|CS|TAMS 0x0000000712300000, 0x0000000712300000| Complete 
| 214|0x0000000712400000, 0x0000000712500000, 0x0000000712500000|100%| E|CS|TAMS 0x0000000712400000, 0x0000000712400000| Complete 
| 215|0x0000000712500000, 0x0000000712600000, 0x0000000712600000|100%| E|CS|TAMS 0x0000000712500000, 0x0000000712500000| Complete 
| 216|0x0000000712600000, 0x0000000712700000, 0x0000000712700000|100%| E|CS|TAMS 0x0000000712600000, 0x0000000712600000| Complete 
| 217|0x0000000712700000, 0x0000000712800000, 0x0000000712800000|100%| E|CS|TAMS 0x0000000712700000, 0x0000000712700000| Complete 
| 218|0x0000000712800000, 0x0000000712900000, 0x0000000712900000|100%| E|CS|TAMS 0x0000000712800000, 0x0000000712800000| Complete 
| 219|0x0000000712900000, 0x0000000712a00000, 0x0000000712a00000|100%| E|CS|TAMS 0x0000000712900000, 0x0000000712900000| Complete 
| 220|0x0000000712a00000, 0x0000000712b00000, 0x0000000712b00000|100%| E|CS|TAMS 0x0000000712a00000, 0x0000000712a00000| Complete 
| 221|0x0000000712b00000, 0x0000000712c00000, 0x0000000712c00000|100%| E|CS|TAMS 0x0000000712b00000, 0x0000000712b00000| Complete 
| 222|0x0000000712c00000, 0x0000000712d00000, 0x0000000712d00000|100%| E|  |TAMS 0x0000000712c00000, 0x0000000712c00000| Complete 
| 223|0x0000000712d00000, 0x0000000712e00000, 0x0000000712e00000|100%| E|CS|TAMS 0x0000000712d00000, 0x0000000712d00000| Complete 
| 224|0x0000000712e00000, 0x0000000712f00000, 0x0000000712f00000|100%| E|CS|TAMS 0x0000000712e00000, 0x0000000712e00000| Complete 
| 225|0x0000000712f00000, 0x0000000713000000, 0x0000000713000000|100%| E|CS|TAMS 0x0000000712f00000, 0x0000000712f00000| Complete 
| 226|0x0000000713000000, 0x0000000713100000, 0x0000000713100000|100%| E|CS|TAMS 0x0000000713000000, 0x0000000713000000| Complete 
| 227|0x0000000713100000, 0x0000000713200000, 0x0000000713200000|100%| E|CS|TAMS 0x0000000713100000, 0x0000000713100000| Complete 
| 228|0x0000000713200000, 0x0000000713300000, 0x0000000713300000|100%| E|CS|TAMS 0x0000000713200000, 0x0000000713200000| Complete 
| 229|0x0000000713300000, 0x0000000713400000, 0x0000000713400000|100%| E|CS|TAMS 0x0000000713300000, 0x0000000713300000| Complete 
| 230|0x0000000713400000, 0x0000000713500000, 0x0000000713500000|100%| E|CS|TAMS 0x0000000713400000, 0x0000000713400000| Complete 
| 231|0x0000000713500000, 0x0000000713600000, 0x0000000713600000|100%| E|CS|TAMS 0x0000000713500000, 0x0000000713500000| Complete 
| 232|0x0000000713600000, 0x0000000713700000, 0x0000000713700000|100%| E|CS|TAMS 0x0000000713600000, 0x0000000713600000| Complete 
| 233|0x0000000713700000, 0x0000000713800000, 0x0000000713800000|100%| E|CS|TAMS 0x0000000713700000, 0x0000000713700000| Complete 
| 234|0x0000000713800000, 0x0000000713900000, 0x0000000713900000|100%| E|CS|TAMS 0x0000000713800000, 0x0000000713800000| Complete 
| 235|0x0000000713900000, 0x0000000713a00000, 0x0000000713a00000|100%| E|CS|TAMS 0x0000000713900000, 0x0000000713900000| Complete 
| 236|0x0000000713a00000, 0x0000000713b00000, 0x0000000713b00000|100%| E|CS|TAMS 0x0000000713a00000, 0x0000000713a00000| Complete 
| 237|0x0000000713b00000, 0x0000000713c00000, 0x0000000713c00000|100%| E|CS|TAMS 0x0000000713b00000, 0x0000000713b00000| Complete 
| 238|0x0000000713c00000, 0x0000000713d00000, 0x0000000713d00000|100%| E|CS|TAMS 0x0000000713c00000, 0x0000000713c00000| Complete 
| 239|0x0000000713d00000, 0x0000000713e00000, 0x0000000713e00000|100%| E|CS|TAMS 0x0000000713d00000, 0x0000000713d00000| Complete 
| 240|0x0000000713e00000, 0x0000000713f00000, 0x0000000713f00000|100%| E|CS|TAMS 0x0000000713e00000, 0x0000000713e00000| Complete 
| 241|0x0000000713f00000, 0x0000000713fa8020, 0x0000000714000000| 65%| S|CS|TAMS 0x0000000713f00000, 0x0000000713f00000| Complete 
| 242|0x0000000714000000, 0x0000000714100000, 0x0000000714100000|100%| S|CS|TAMS 0x0000000714000000, 0x0000000714000000| Complete 
| 243|0x0000000714100000, 0x0000000714200000, 0x0000000714200000|100%| E|CS|TAMS 0x0000000714100000, 0x0000000714100000| Complete 
| 244|0x0000000714200000, 0x0000000714300000, 0x0000000714300000|100%| E|CS|TAMS 0x0000000714200000, 0x0000000714200000| Complete 
| 245|0x0000000714300000, 0x0000000714400000, 0x0000000714400000|100%| E|CS|TAMS 0x0000000714300000, 0x0000000714300000| Complete 
| 246|0x0000000714400000, 0x0000000714500000, 0x0000000714500000|100%| E|CS|TAMS 0x0000000714400000, 0x0000000714400000| Complete 
| 247|0x0000000714500000, 0x0000000714600000, 0x0000000714600000|100%| E|CS|TAMS 0x0000000714500000, 0x0000000714500000| Complete 
| 248|0x0000000714600000, 0x0000000714700000, 0x0000000714700000|100%| E|CS|TAMS 0x0000000714600000, 0x0000000714600000| Complete 
| 249|0x0000000714700000, 0x0000000714800000, 0x0000000714800000|100%| E|CS|TAMS 0x0000000714700000, 0x0000000714700000| Complete 
| 250|0x0000000714800000, 0x0000000714900000, 0x0000000714900000|100%| E|CS|TAMS 0x0000000714800000, 0x0000000714800000| Complete 
| 251|0x0000000714900000, 0x0000000714a00000, 0x0000000714a00000|100%| E|CS|TAMS 0x0000000714900000, 0x0000000714900000| Complete 
| 252|0x0000000714a00000, 0x0000000714b00000, 0x0000000714b00000|100%| E|CS|TAMS 0x0000000714a00000, 0x0000000714a00000| Complete 
| 253|0x0000000714b00000, 0x0000000714c00000, 0x0000000714c00000|100%| E|CS|TAMS 0x0000000714b00000, 0x0000000714b00000| Complete 
| 254|0x0000000714c00000, 0x0000000714d00000, 0x0000000714d00000|100%| E|CS|TAMS 0x0000000714c00000, 0x0000000714c00000| Complete 
| 255|0x0000000714d00000, 0x0000000714e00000, 0x0000000714e00000|100%| E|CS|TAMS 0x0000000714d00000, 0x0000000714d00000| Complete 
| 256|0x0000000714e00000, 0x0000000714f00000, 0x0000000714f00000|100%| E|CS|TAMS 0x0000000714e00000, 0x0000000714e00000| Complete 
| 257|0x0000000714f00000, 0x0000000715000000, 0x0000000715000000|100%| E|CS|TAMS 0x0000000714f00000, 0x0000000714f00000| Complete 
| 258|0x0000000715000000, 0x0000000715100000, 0x0000000715100000|100%| E|CS|TAMS 0x0000000715000000, 0x0000000715000000| Complete 
| 259|0x0000000715100000, 0x0000000715200000, 0x0000000715200000|100%| E|CS|TAMS 0x0000000715100000, 0x0000000715100000| Complete 
| 260|0x0000000715200000, 0x0000000715300000, 0x0000000715300000|100%| E|CS|TAMS 0x0000000715200000, 0x0000000715200000| Complete 
| 261|0x0000000715300000, 0x0000000715400000, 0x0000000715400000|100%| E|CS|TAMS 0x0000000715300000, 0x0000000715300000| Complete 
| 262|0x0000000715400000, 0x0000000715500000, 0x0000000715500000|100%| E|CS|TAMS 0x0000000715400000, 0x0000000715400000| Complete 
| 263|0x0000000715500000, 0x0000000715600000, 0x0000000715600000|100%| E|CS|TAMS 0x0000000715500000, 0x0000000715500000| Complete 
| 264|0x0000000715600000, 0x0000000715700000, 0x0000000715700000|100%| E|CS|TAMS 0x0000000715600000, 0x0000000715600000| Complete 
| 265|0x0000000715700000, 0x0000000715800000, 0x0000000715800000|100%| E|CS|TAMS 0x0000000715700000, 0x0000000715700000| Complete 
| 266|0x0000000715800000, 0x0000000715900000, 0x0000000715900000|100%| E|CS|TAMS 0x0000000715800000, 0x0000000715800000| Complete 
| 267|0x0000000715900000, 0x0000000715a00000, 0x0000000715a00000|100%| E|CS|TAMS 0x0000000715900000, 0x0000000715900000| Complete 
| 268|0x0000000715a00000, 0x0000000715b00000, 0x0000000715b00000|100%| E|CS|TAMS 0x0000000715a00000, 0x0000000715a00000| Complete 
| 269|0x0000000715b00000, 0x0000000715c00000, 0x0000000715c00000|100%| E|CS|TAMS 0x0000000715b00000, 0x0000000715b00000| Complete 
| 270|0x0000000715c00000, 0x0000000715d00000, 0x0000000715d00000|100%| E|CS|TAMS 0x0000000715c00000, 0x0000000715c00000| Complete 
| 271|0x0000000715d00000, 0x0000000715e00000, 0x0000000715e00000|100%| E|CS|TAMS 0x0000000715d00000, 0x0000000715d00000| Complete 
| 272|0x0000000715e00000, 0x0000000715f00000, 0x0000000715f00000|100%| E|CS|TAMS 0x0000000715e00000, 0x0000000715e00000| Complete 
| 273|0x0000000715f00000, 0x0000000716000000, 0x0000000716000000|100%| E|CS|TAMS 0x0000000715f00000, 0x0000000715f00000| Complete 
| 274|0x0000000716000000, 0x0000000716100000, 0x0000000716100000|100%| E|CS|TAMS 0x0000000716000000, 0x0000000716000000| Complete 
| 275|0x0000000716100000, 0x0000000716200000, 0x0000000716200000|100%| E|CS|TAMS 0x0000000716100000, 0x0000000716100000| Complete 
| 276|0x0000000716200000, 0x0000000716300000, 0x0000000716300000|100%| E|CS|TAMS 0x0000000716200000, 0x0000000716200000| Complete 
| 277|0x0000000716300000, 0x0000000716400000, 0x0000000716400000|100%| E|CS|TAMS 0x0000000716300000, 0x0000000716300000| Complete 
| 278|0x0000000716400000, 0x0000000716500000, 0x0000000716500000|100%| E|CS|TAMS 0x0000000716400000, 0x0000000716400000| Complete 
| 279|0x0000000716500000, 0x0000000716600000, 0x0000000716600000|100%| E|CS|TAMS 0x0000000716500000, 0x0000000716500000| Complete 
| 280|0x0000000716600000, 0x0000000716700000, 0x0000000716700000|100%| E|CS|TAMS 0x0000000716600000, 0x0000000716600000| Complete 
| 281|0x0000000716700000, 0x0000000716800000, 0x0000000716800000|100%| E|CS|TAMS 0x0000000716700000, 0x0000000716700000| Complete 
| 282|0x0000000716800000, 0x0000000716900000, 0x0000000716900000|100%| E|CS|TAMS 0x0000000716800000, 0x0000000716800000| Complete 
| 283|0x0000000716900000, 0x0000000716a00000, 0x0000000716a00000|100%| E|CS|TAMS 0x0000000716900000, 0x0000000716900000| Complete 
| 284|0x0000000716a00000, 0x0000000716b00000, 0x0000000716b00000|100%| E|CS|TAMS 0x0000000716a00000, 0x0000000716a00000| Complete 
| 285|0x0000000716b00000, 0x0000000716c00000, 0x0000000716c00000|100%| E|CS|TAMS 0x0000000716b00000, 0x0000000716b00000| Complete 
| 286|0x0000000716c00000, 0x0000000716d00000, 0x0000000716d00000|100%| E|CS|TAMS 0x0000000716c00000, 0x0000000716c00000| Complete 
| 287|0x0000000716d00000, 0x0000000716e00000, 0x0000000716e00000|100%| E|CS|TAMS 0x0000000716d00000, 0x0000000716d00000| Complete 
| 288|0x0000000716e00000, 0x0000000716f00000, 0x0000000716f00000|100%| E|CS|TAMS 0x0000000716e00000, 0x0000000716e00000| Complete 
| 289|0x0000000716f00000, 0x0000000717000000, 0x0000000717000000|100%| E|CS|TAMS 0x0000000716f00000, 0x0000000716f00000| Complete 
| 290|0x0000000717000000, 0x0000000717100000, 0x0000000717100000|100%| E|CS|TAMS 0x0000000717000000, 0x0000000717000000| Complete 
| 291|0x0000000717100000, 0x0000000717200000, 0x0000000717200000|100%| E|CS|TAMS 0x0000000717100000, 0x0000000717100000| Complete 
| 292|0x0000000717200000, 0x0000000717300000, 0x0000000717300000|100%| E|CS|TAMS 0x0000000717200000, 0x0000000717200000| Complete 
| 293|0x0000000717300000, 0x0000000717400000, 0x0000000717400000|100%| E|CS|TAMS 0x0000000717300000, 0x0000000717300000| Complete 
| 294|0x0000000717400000, 0x0000000717500000, 0x0000000717500000|100%| E|CS|TAMS 0x0000000717400000, 0x0000000717400000| Complete 
| 295|0x0000000717500000, 0x0000000717600000, 0x0000000717600000|100%| E|CS|TAMS 0x0000000717500000, 0x0000000717500000| Complete 
| 296|0x0000000717600000, 0x0000000717700000, 0x0000000717700000|100%| E|CS|TAMS 0x0000000717600000, 0x0000000717600000| Complete 
| 297|0x0000000717700000, 0x0000000717800000, 0x0000000717800000|100%| E|CS|TAMS 0x0000000717700000, 0x0000000717700000| Complete 
| 298|0x0000000717800000, 0x0000000717900000, 0x0000000717900000|100%| E|CS|TAMS 0x0000000717800000, 0x0000000717800000| Complete 
| 299|0x0000000717900000, 0x0000000717a00000, 0x0000000717a00000|100%| E|CS|TAMS 0x0000000717900000, 0x0000000717900000| Complete 
| 300|0x0000000717a00000, 0x0000000717b00000, 0x0000000717b00000|100%| E|CS|TAMS 0x0000000717a00000, 0x0000000717a00000| Complete 
| 301|0x0000000717b00000, 0x0000000717c00000, 0x0000000717c00000|100%| E|CS|TAMS 0x0000000717b00000, 0x0000000717b00000| Complete 
| 302|0x0000000717c00000, 0x0000000717d00000, 0x0000000717d00000|100%| E|CS|TAMS 0x0000000717c00000, 0x0000000717c00000| Complete 

Card table byte_map: [0x000001d5f4bd0000,0x000001d5f53b0000] _byte_map_base: 0x000001d5f13a9000

Marking Bits (Prev, Next): (CMBitMap*) 0x000001d5dce315d0, (CMBitMap*) 0x000001d5dce31598
 Prev Bits: [0x000001d5f9a60000, 0x000001d5fd928000)
 Next Bits: [0x000001d5f5b90000, 0x000001d5f9a58000)

Polling page: 0x000001d5dc390000

Metaspace:

Usage:
  Non-class:     26.31 MB capacity,    25.76 MB ( 98%) used,   476.12 KB (  2%) free+waste,    86.69 KB ( <1%) overhead. 
      Class:      3.42 MB capacity,     3.10 MB ( 90%) used,   293.01 KB (  8%) free+waste,    40.69 KB (  1%) overhead. 
       Both:     29.73 MB capacity,    28.86 MB ( 97%) used,   769.13 KB (  3%) free+waste,   127.38 KB ( <1%) overhead. 

Virtual space:
  Non-class space:       28.00 MB reserved,      26.50 MB ( 95%) committed 
      Class space:        1.00 GB reserved,       3.50 MB ( <1%) committed 
             Both:        1.03 GB reserved,      30.00 MB (  3%) committed 

Chunk freelists:
   Non-Class:  0 bytes
       Class:  2.13 KB
        Both:  2.13 KB

CodeHeap 'non-profiled nmethods': size=120000Kb used=2893Kb max_used=2893Kb free=117106Kb
 bounds [0x000001d5ecb90000, 0x000001d5ece70000, 0x000001d5f40c0000]
CodeHeap 'profiled nmethods': size=120000Kb used=10819Kb max_used=10819Kb free=109180Kb
 bounds [0x000001d5e5660000, 0x000001d5e6100000, 0x000001d5ecb90000]
CodeHeap 'non-nmethods': size=5760Kb used=1156Kb max_used=1186Kb free=4603Kb
 bounds [0x000001d5e50c0000, 0x000001d5e5330000, 0x000001d5e5660000]
 total_blobs=6185 nmethods=4395 adapters=370
 compilation: enabled
              stopped_count=0, restarted_count=0
 full_count=0

Compilation events (10 events):
Event: 5.640 Thread 0x000001d580df8000 4469       3       org.jboss.resteasy.microprofile.config.ServletConfigSourceImpl::getValue (23 bytes)
Event: 5.640 Thread 0x000001d580df8000 nmethod 4469 0x000001d5e60bea10 code [0x000001d5e60bec20, 0x000001d5e60bf170]
Event: 5.641 Thread 0x000001d580df8000 4456       1       io.quarkus.deployment.configuration.definition.ClassDefinition$ItemMember::getDefaultValue (5 bytes)
Event: 5.641 Thread 0x000001d580df8000 nmethod 4456 0x000001d5ece5c490 code [0x000001d5ece5c640, 0x000001d5ece5c758]
Event: 5.641 Thread 0x000001d58429d800 nmethod 4464 0x000001d5ece5c810 code [0x000001d5ece5ca00, 0x000001d5ece5cf08]
Event: 5.658 Thread 0x000001d580df8000 4473       3       jdk.nio.zipfs.ZipFileSystem::ensureOpen (16 bytes)
Event: 5.658 Thread 0x000001d580df8000 nmethod 4473 0x000001d5e60bf310 code [0x000001d5e60bf4e0, 0x000001d5e60bf770]
Event: 5.677 Thread 0x000001d5848a6800 4474       4       sun.nio.fs.WindowsNativeDispatcher::asNativeBuffer (84 bytes)
Event: 5.681 Thread 0x000001d58429d800 4475       4       jdk.internal.misc.Unsafe::checkOffset (32 bytes)
Event: 5.681 Thread 0x000001d58429d800 nmethod 4475 0x000001d5ecc8e190 code [0x000001d5ecc8e320, 0x000001d5ecc8e3b8]

GC Heap History (10 events):
Event: 0.481 GC heap before
{Heap before GC invocations=0 (full 0):
 garbage-first heap   total 258048K, used 25600K [0x0000000704e00000, 0x0000000800000000)
  region size 1024K, 24 young (24576K), 0 survivors (0K)
 Metaspace       used 9934K, capacity 10123K, committed 10240K, reserved 1058816K
  class space    used 910K, capacity 970K, committed 1024K, reserved 1048576K
}
Event: 0.486 GC heap after
{Heap after GC invocations=1 (full 0):
 garbage-first heap   total 258048K, used 8544K [0x0000000704e00000, 0x0000000800000000)
  region size 1024K, 3 young (3072K), 3 survivors (3072K)
 Metaspace       used 9934K, capacity 10123K, committed 10240K, reserved 1058816K
  class space    used 910K, capacity 970K, committed 1024K, reserved 1048576K
}
Event: 2.401 GC heap before
{Heap before GC invocations=1 (full 0):
 garbage-first heap   total 258048K, used 160096K [0x0000000704e00000, 0x0000000800000000)
  region size 1024K, 151 young (154624K), 3 survivors (3072K)
 Metaspace       used 18885K, capacity 19473K, committed 19584K, reserved 1067008K
  class space    used 1933K, capacity 2158K, committed 2176K, reserved 1048576K
}
Event: 2.422 GC heap after
{Heap after GC invocations=2 (full 0):
 garbage-first heap   total 258048K, used 24882K [0x0000000704e00000, 0x0000000800000000)
  region size 1024K, 19 young (19456K), 19 survivors (19456K)
 Metaspace       used 18885K, capacity 19473K, committed 19584K, reserved 1067008K
  class space    used 1933K, capacity 2158K, committed 2176K, reserved 1048576K
}
Event: 2.992 GC heap before
{Heap before GC invocations=2 (full 0):
 garbage-first heap   total 258048K, used 83250K [0x0000000704e00000, 0x0000000800000000)
  region size 1024K, 74 young (75776K), 19 survivors (19456K)
 Metaspace       used 19996K, capacity 20674K, committed 20736K, reserved 1067008K
  class space    used 2011K, capacity 2262K, committed 2304K, reserved 1048576K
}
Event: 3.011 GC heap after
{Heap after GC invocations=3 (full 0):
 garbage-first heap   total 258048K, used 36363K [0x0000000704e00000, 0x0000000800000000)
  region size 1024K, 10 young (10240K), 10 survivors (10240K)
 Metaspace       used 19996K, capacity 20674K, committed 20736K, reserved 1067008K
  class space    used 2011K, capacity 2262K, committed 2304K, reserved 1048576K
}
Event: 4.462 GC heap before
{Heap before GC invocations=3 (full 0):
 garbage-first heap   total 258048K, used 107019K [0x0000000704e00000, 0x0000000800000000)
  region size 1024K, 79 young (80896K), 10 survivors (10240K)
 Metaspace       used 20240K, capacity 20870K, committed 20992K, reserved 1069056K
  class space    used 2012K, capacity 2263K, committed 2304K, reserved 1048576K
}
Event: 4.480 GC heap after
{Heap after GC invocations=4 (full 0):
 garbage-first heap   total 258048K, used 52031K [0x0000000704e00000, 0x0000000800000000)
  region size 1024K, 10 young (10240K), 10 survivors (10240K)
 Metaspace       used 20240K, capacity 20870K, committed 20992K, reserved 1069056K
  class space    used 2012K, capacity 2263K, committed 2304K, reserved 1048576K
}
Event: 4.676 GC heap before
{Heap before GC invocations=4 (full 0):
 garbage-first heap   total 258048K, used 60223K [0x0000000704e00000, 0x0000000800000000)
  region size 1024K, 19 young (19456K), 10 survivors (10240K)
 Metaspace       used 20599K, capacity 21210K, committed 21248K, reserved 1069056K
  class space    used 2040K, capacity 2304K, committed 2304K, reserved 1048576K
}
Event: 4.683 GC heap after
{Heap after GC invocations=5 (full 0):
 garbage-first heap   total 310272K, used 50719K [0x0000000704e00000, 0x0000000800000000)
  region size 1024K, 2 young (2048K), 2 survivors (2048K)
 Metaspace       used 20599K, capacity 21210K, committed 21248K, reserved 1069056K
  class space    used 2040K, capacity 2304K, committed 2304K, reserved 1048576K
}

Deoptimization events (10 events):
Event: 5.458 Thread 0x000001d585d1b000 Uncommon trap: reason=unstable_if action=reinterpret pc=0x000001d5ecc6ac20 method=java.util.concurrent.ConcurrentHashMap.transfer([Ljava/util/concurrent/ConcurrentHashMap$Node;[Ljava/util/concurrent/ConcurrentHashMap$Node;)V @ 34 c2
Event: 5.474 Thread 0x000001d581a05000 Uncommon trap: reason=unstable_if action=reinterpret pc=0x000001d5ecbac9e0 method=java.lang.ThreadLocal$ThreadLocalMap.getEntry(Ljava/lang/ThreadLocal;)Ljava/lang/ThreadLocal$ThreadLocalMap$Entry; @ 21 c2
Event: 5.490 Thread 0x000001d581a01000 Uncommon trap: reason=null_check action=make_not_entrant pc=0x000001d5ecdf4898 method=sun.nio.fs.NativeBuffers.getNativeBufferFromCache(I)Lsun/nio/fs/NativeBuffer; @ 6 c2
Event: 5.490 Thread 0x000001d581a01000 Uncommon trap: reason=null_check action=make_not_entrant pc=0x000001d5ecdf5168 method=sun.nio.fs.NativeBuffers.releaseNativeBuffer(Lsun/nio/fs/NativeBuffer;)V @ 6 c2
Event: 5.546 Thread 0x000001d5843dd000 Uncommon trap: reason=unstable_if action=reinterpret pc=0x000001d5ecc9934c method=java.util.concurrent.ConcurrentHashMap.putVal(Ljava/lang/Object;Ljava/lang/Object;Z)Ljava/lang/Object; @ 148 c2
Event: 5.565 Thread 0x000001d581a05000 Uncommon trap: reason=class_check action=maybe_recompile pc=0x000001d5eccf1574 method=java.util.regex.Pattern$BmpCharPredicate.lambda$union$2(Ljava/util/regex/Pattern$CharPredicate;I)Z @ 12 c2
Event: 5.565 Thread 0x000001d581a05000 Uncommon trap: reason=class_check action=maybe_recompile pc=0x000001d5eccf1574 method=java.util.regex.Pattern$BmpCharPredicate.lambda$union$2(Ljava/util/regex/Pattern$CharPredicate;I)Z @ 12 c2
Event: 5.565 Thread 0x000001d581a05000 Uncommon trap: reason=class_check action=maybe_recompile pc=0x000001d5eccf1574 method=java.util.regex.Pattern$BmpCharPredicate.lambda$union$2(Ljava/util/regex/Pattern$CharPredicate;I)Z @ 12 c2
Event: 5.565 Thread 0x000001d581a05000 Uncommon trap: reason=class_check action=maybe_recompile pc=0x000001d5eccf1574 method=java.util.regex.Pattern$BmpCharPredicate.lambda$union$2(Ljava/util/regex/Pattern$CharPredicate;I)Z @ 12 c2
Event: 5.595 Thread 0x000001d581a04000 Uncommon trap: reason=unstable_if action=reinterpret pc=0x000001d5ecdc3340 method=java.lang.String.split(Ljava/lang/String;I)[Ljava/lang/String; @ 105 c2

Classes redefined (0 events):
No events

Internal exceptions (10 events):
Event: 5.166 Thread 0x000001d5dcdd0000 Exception <a 'java/lang/NoSuchMethodError'{0x0000000714c80f18}: java.lang.invoke.DirectMethodHandle$Holder.newInvokeSpecial(Ljava/lang/Object;I)Ljava/lang/Object;> (0x0000000714c80f18) thrown at [t:/workspace/open/src/hotspot/share/interpreter/linkResolve
Event: 5.168 Thread 0x000001d5dcdd0000 Exception <a 'sun/nio/fs/WindowsException'{0x0000000714c9c4e8}> (0x0000000714c9c4e8) thrown at [t:/workspace/open/src/hotspot/share/prims/jni.cpp, line 615]
Event: 5.181 Thread 0x000001d5dcdd0000 Exception <a 'java/lang/NoSuchMethodError'{0x0000000714bbbfd0}: java.lang.invoke.Invokers$Holder.linkToTargetMethod(Ljava/lang/Object;Ljava/lang/Object;ILjava/lang/Object;Ljava/lang/Object;)Ljava/lang/Object;> (0x0000000714bbbfd0) thrown at [t:/workspace/
Event: 5.258 Thread 0x000001d5dcdd0000 Exception <a 'java/lang/NoSuchMethodError'{0x00000007149a6c78}: java.lang.invoke.DirectMethodHandle$Holder.invokeStaticInit(Ljava/lang/Object;Ljava/lang/Object;)I> (0x00000007149a6c78) thrown at [t:/workspace/open/src/hotspot/share/interpreter/linkResolve
Event: 5.308 Thread 0x000001d5dcdd0000 Exception <a 'java/lang/NoSuchMethodError'{0x00000007142ad880}: java.lang.invoke.DirectMethodHandle$Holder.invokeSpecialIFC(Ljava/lang/Object;Ljava/lang/Object;Ljava/lang/Object;Ljava/lang/Object;)V> (0x00000007142ad880) thrown at [t:/workspace/open/src/h
Event: 5.314 Thread 0x000001d5dcdd0000 Exception <a 'java/lang/NoSuchMethodError'{0x0000000714159b80}: java.lang.invoke.DirectMethodHandle$Holder.invokeSpecialIFC(Ljava/lang/Object;Ljava/lang/Object;Ljava/lang/Object;Ljava/lang/Object;Ljava/lang/Object;)V> (0x0000000714159b80) thrown at [t:/wo
Event: 5.324 Thread 0x000001d5dcdd0000 Exception <a 'java/lang/NoSuchMethodError'{0x0000000713e76710}: java.lang.invoke.Invokers$Holder.linkToTargetMethod(Ljava/lang/Object;ILjava/lang/Object;)Ljava/lang/Object;> (0x0000000713e76710) thrown at [t:/workspace/open/src/hotspot/share/interpreter/l
Event: 5.474 Thread 0x000001d581a05000 Implicit null exception at 0x000001d5ecbac529 to 0x000001d5ecbac9b6
Event: 5.490 Thread 0x000001d581a01000 Implicit null exception at 0x000001d5ecdf4696 to 0x000001d5ecdf488a
Event: 5.490 Thread 0x000001d581a01000 Implicit null exception at 0x000001d5ecdf4e1f to 0x000001d5ecdf5156

Events (10 events):
Event: 5.618 loading class io/netty/channel/unix/UnixChannel done
Event: 5.619 loading class java/io/Console$2 done
Event: 5.619 loading class org/jboss/logmanager/handlers/ConsoleHandler$Target
Event: 5.619 loading class org/jboss/logmanager/handlers/ConsoleHandler$Target done
Event: 5.619 loading class io/netty/channel/epoll/EpollMode
Event: 5.619 loading class io/netty/channel/epoll/EpollMode done
Event: 5.619 loading class org/jboss/logmanager/handlers/ConsoleHandler$2
Event: 5.619 loading class org/jboss/logmanager/handlers/ConsoleHandler$2 done
Event: 5.620 loading class io/netty/channel/kqueue/AcceptFilter
Event: 5.620 loading class io/netty/channel/kqueue/AcceptFilter done


Dynamic libraries:
0x00007ff6b5e50000 - 0x00007ff6b5e95000 	D:\JDK\jdk-11.0.2\bin\java.exe
0x00007ff85deb0000 - 0x00007ff85e0a8000 	C:\Windows\SYSTEM32\ntdll.dll
0x00007ff809e90000 - 0x00007ff809eb7000 	C:\Program Files\Cylance\Desktop\CyMemDef64.dll
0x00007ff85cbc0000 - 0x00007ff85cc7f000 	C:\Windows\System32\KERNEL32.DLL
0x00007ff85bba0000 - 0x00007ff85be72000 	C:\Windows\System32\KERNELBASE.dll
0x00007ff85c750000 - 0x00007ff85c8f1000 	C:\Windows\System32\USER32.dll
0x00007ff85bb70000 - 0x00007ff85bb92000 	C:\Windows\System32\win32u.dll
0x00007ff85ce20000 - 0x00007ff85ce4b000 	C:\Windows\System32\GDI32.dll
0x00007ff85ba60000 - 0x00007ff85bb6f000 	C:\Windows\System32\gdi32full.dll
0x00007ff85b7e0000 - 0x00007ff85b87d000 	C:\Windows\System32\msvcp_win.dll
0x00007ff85b880000 - 0x00007ff85b980000 	C:\Windows\System32\ucrtbase.dll
0x00007ff83ba10000 - 0x00007ff83bcaa000 	C:\Windows\WinSxS\amd64_microsoft.windows.common-controls_6595b64144ccf1df_6.0.19041.1110_none_60b5254171f9507e\COMCTL32.dll
0x00007ff85c9c0000 - 0x00007ff85ca5e000 	C:\Windows\System32\msvcrt.dll
0x00007ff85cd60000 - 0x00007ff85cd92000 	C:\Windows\System32\IMM32.DLL
0x00007ff832ea0000 - 0x00007ff83300a000 	C:\Program Files (x86)\Citrix\ICA Client\epclient64.dll
0x00007ff85b980000 - 0x00007ff85b9a7000 	C:\Windows\System32\bcrypt.dll
0x00007ff852310000 - 0x00007ff85231a000 	C:\Windows\SYSTEM32\VERSION.dll
0x00007ff85c580000 - 0x00007ff85c62e000 	C:\Windows\System32\ADVAPI32.dll
0x00007ff85c900000 - 0x00007ff85c99c000 	C:\Windows\System32\sechost.dll
0x00007ff85ce70000 - 0x00007ff85cf95000 	C:\Windows\System32\RPCRT4.dll
0x00007ff85a680000 - 0x00007ff85a6b3000 	C:\Windows\SYSTEM32\ntmarta.dll
0x00007ff859ca0000 - 0x00007ff859cb2000 	C:\Windows\SYSTEM32\kernel.appcore.dll
0x00007ff8483d0000 - 0x00007ff8483e6000 	D:\JDK\jdk-11.0.2\bin\vcruntime140.dll
0x00007ff80c0a0000 - 0x00007ff80c14a000 	D:\JDK\jdk-11.0.2\bin\msvcp140.dll
0x00007fffdc990000 - 0x00007fffdd4b3000 	D:\JDK\jdk-11.0.2\bin\server\jvm.dll
0x00007ff85d6f0000 - 0x00007ff85d6f8000 	C:\Windows\System32\PSAPI.DLL
0x00007ff83b0c0000 - 0x00007ff83b0c9000 	C:\Windows\SYSTEM32\WSOCK32.dll
0x000001d5dc510000 - 0x000001d5dc57b000 	C:\Windows\System32\WS2_32.dll
0x00007ff847c00000 - 0x00007ff847c27000 	C:\Windows\SYSTEM32\WINMM.dll
0x00007ff8483b0000 - 0x00007ff8483c1000 	D:\JDK\jdk-11.0.2\bin\verify.dll
0x00007ff859880000 - 0x00007ff859a64000 	C:\Windows\SYSTEM32\DBGHELP.DLL
0x00007ff83b030000 - 0x00007ff83b065000 	C:\Windows\SYSTEM32\dbgcore.DLL
0x00007ff85b750000 - 0x00007ff85b7d2000 	C:\Windows\System32\bcryptPrimitives.dll
0x00007ff82fb50000 - 0x00007ff82fb78000 	D:\JDK\jdk-11.0.2\bin\java.dll
0x00007ff848390000 - 0x00007ff8483a6000 	D:\JDK\jdk-11.0.2\bin\zip.dll
0x00007ff851b60000 - 0x00007ff851b6a000 	D:\JDK\jdk-11.0.2\bin\jimage.dll
0x000001d581130000 - 0x000001d581874000 	C:\Windows\System32\SHELL32.dll
0x00007ff859020000 - 0x00007ff8597b2000 	C:\Windows\SYSTEM32\windows.storage.dll
0x00007ff85d830000 - 0x00007ff85db85000 	C:\Windows\System32\combase.dll
0x00007ff85aeb0000 - 0x00007ff85aee0000 	C:\Windows\SYSTEM32\Wldp.dll
0x00007ff85c420000 - 0x00007ff85c4cd000 	C:\Windows\System32\SHCORE.dll
0x000001d581890000 - 0x000001d5818e5000 	C:\Windows\System32\shlwapi.dll
0x00007ff85b4e0000 - 0x00007ff85b4ff000 	C:\Windows\SYSTEM32\profapi.dll
0x00007ff83b710000 - 0x00007ff83b729000 	D:\JDK\jdk-11.0.2\bin\net.dll
0x00007ff85a4e0000 - 0x00007ff85a5ec000 	C:\Windows\SYSTEM32\WINHTTP.dll
0x00007ff84a0a0000 - 0x00007ff84a28d000 	C:\Windows\SYSTEM32\urlmon.dll
0x00007ff84b390000 - 0x00007ff84b641000 	C:\Windows\SYSTEM32\iertutil.dll
0x00007ff84a4e0000 - 0x00007ff84a508000 	C:\Windows\SYSTEM32\srvcli.dll
0x00007ff85aa90000 - 0x00007ff85aa9c000 	C:\Windows\SYSTEM32\netutils.dll
0x00007ff85ac20000 - 0x00007ff85ac8a000 	C:\Windows\system32\mswsock.dll
0x00007ff80c080000 - 0x00007ff80c093000 	D:\JDK\jdk-11.0.2\bin\nio.dll
0x00007ff851e20000 - 0x00007ff851e29000 	D:\JDK\jdk-11.0.2\bin\management.dll
0x00007ff830410000 - 0x00007ff83041c000 	D:\JDK\jdk-11.0.2\bin\management_ext.dll
0x00007ff85aef0000 - 0x00007ff85af08000 	C:\Windows\SYSTEM32\CRYPTSP.dll
0x00007ff85a450000 - 0x00007ff85a484000 	C:\Windows\system32\rsaenh.dll
0x00007ff85b460000 - 0x00007ff85b48e000 	C:\Windows\SYSTEM32\USERENV.dll
0x00007ff85adb0000 - 0x00007ff85adbc000 	C:\Windows\SYSTEM32\CRYPTBASE.dll
0x00007ff85a930000 - 0x00007ff85a96b000 	C:\Windows\SYSTEM32\IPHLPAPI.DLL
0x00007ff85ce50000 - 0x00007ff85ce58000 	C:\Windows\System32\NSI.dll
0x00007ff853c30000 - 0x00007ff853c47000 	C:\Windows\SYSTEM32\dhcpcsvc6.DLL
0x00007ff853ac0000 - 0x00007ff853add000 	C:\Windows\SYSTEM32\dhcpcsvc.DLL
0x00007ff85a970000 - 0x00007ff85aa3a000 	C:\Windows\SYSTEM32\DNSAPI.dll

dbghelp: loaded successfully - version: 4.0.5 - missing functions: none
symbol engine: initialized successfully - sym options: 0x614 - pdb path: .;D:\JDK\jdk-11.0.2\bin;C:\Windows\SYSTEM32;C:\Program Files\Cylance\Desktop;C:\Windows\WinSxS\amd64_microsoft.windows.common-controls_6595b64144ccf1df_6.0.19041.1110_none_60b5254171f9507e;C:\Program Files (x86)\Citrix\ICA Client;D:\JDK\jdk-11.0.2\bin\server

VM Arguments:
java_command: C:\Users\T27133\AppData\Local\Temp\surefire11160456602579597207\surefirebooter5698866303837818471.jar C:\Users\T27133\AppData\Local\Temp\surefire11160456602579597207 2023-01-13T22-32-04_250-jvmRun1 surefire3622698725220133722tmp surefire_016629199545599474621tmp
java_class_path (initial): C:\Users\T27133\AppData\Local\Temp\surefire11160456602579597207\surefirebooter5698866303837818471.jar
Launcher Type: SUN_STANDARD

[Global flags]
     intx CICompilerCount                          = 4                                         {product} {ergonomic}
     uint ConcGCThreads                            = 2                                         {product} {ergonomic}
     uint G1ConcRefinementThreads                  = 8                                         {product} {ergonomic}
   size_t G1HeapRegionSize                         = 1048576                                   {product} {ergonomic}
    uintx GCDrainStackTargetSize                   = 64                                        {product} {ergonomic}
   size_t InitialHeapSize                          = 264241152                                 {product} {ergonomic}
   size_t MarkStackSize                            = 4194304                                   {product} {ergonomic}
   size_t MaxHeapSize                              = 4213178368                                {product} {ergonomic}
   size_t MaxNewSize                               = 2527068160                                {product} {ergonomic}
   size_t MinHeapDeltaBytes                        = 1048576                                   {product} {ergonomic}
    uintx NonNMethodCodeHeapSize                   = 5835340                                {pd product} {ergonomic}
    uintx NonProfiledCodeHeapSize                  = 122911450                              {pd product} {ergonomic}
    uintx ProfiledCodeHeapSize                     = 122911450                              {pd product} {ergonomic}
    uintx ReservedCodeCacheSize                    = 251658240                              {pd product} {ergonomic}
     bool SegmentedCodeCache                       = true                                      {product} {ergonomic}
     bool UseCompressedClassPointers               = true                                 {lp64_product} {ergonomic}
     bool UseCompressedOops                        = true                                 {lp64_product} {ergonomic}
     bool UseG1GC                                  = true                                      {product} {ergonomic}
     bool UseLargePagesIndividualAllocation        = false                                  {pd product} {ergonomic}

Logging:
Log output configuration:
 #0: stdout all=warning uptime,level,tags
 #1: stderr all=off uptime,level,tags

Environment Variables:
JAVA_HOME=D:\JDK\jdk-11.0.2
PATH=C:\Program Files\Microsoft Visual Studio\2022\Community\VC\Tools\MSVC\14.34.31933\bin\HostX86\x86;C:\Program Files\Microsoft Visual Studio\2022\Community\Common7\IDE\VC\VCPackages;C:\Program Files\Microsoft Visual Studio\2022\Community\Common7\IDE\CommonExtensions\Microsoft\TestWindow;C:\Program Files\Microsoft Visual Studio\2022\Community\Common7\IDE\CommonExtensions\Microsoft\TeamFoundation\Team Explorer;C:\Program Files\Microsoft Visual Studio\2022\Community\MSBuild\Current\bin\Roslyn;C:\Program Files\Microsoft Visual Studio\2022\Community\Team Tools\Performance Tools;C:\Program Files (x86)\Windows Kits\10\bin\10.0.22000.0\\x86;C:\Program Files (x86)\Windows Kits\10\bin\\x86;C:\Program Files\Microsoft Visual Studio\2022\Community\\MSBuild\Current\Bin\amd64;C:\Windows\Microsoft.NET\Framework\v4.0.30319;C:\Program Files\Microsoft Visual Studio\2022\Community\Common7\IDE\;C:\Program Files\Microsoft Visual Studio\2022\Community\Common7\Tools\;D:\JDK\graalvm-ce-java11-21.1.0\bin;C:\Program Files (x86)\Common Files\Oracle\Java\javapath;C:\Windows\system32;C:\Windows;C:\Windows\System32\Wbem;C:\Windows\System32\WindowsPowerShell\v1.0\;C:\Windows\System32\OpenSSH\;C:\Program Files\PuTTY\;C:\Program Files\Git\cmd;D:\apache-maven-3.8.6\bin;C:\Program Files\Docker\Docker\resources\bin;D:\JDK\jdk-11.0.2\bin;C:\Users\T27133\AppData\Local\Microsoft\WindowsApps;C:\Users\T27133\AppData\Local\Programs\Microsoft VS Code\bin;D:\apache-maven-3.8.6\bin;C:\Users\T27133\AppData\Local\Microsoft\WindowsApps;;C:\Users\T27133\AppData\Local\Programs\Microsoft VS Code\bin;C:\Program Files\Microsoft Visual Studio\2022\Community\Common7\IDE\CommonExtensions\Microsoft\CMake\CMake\bin;C:\Program Files\Microsoft Visual Studio\2022\Community\Common7\IDE\CommonExtensions\Microsoft\CMake\Ninja;C:\Program Files\Microsoft Visual Studio\2022\Community\Common7\IDE\VC\Linux\bin\ConnectionManagerExe
USERNAME=T27133
OS=Windows_NT
PROCESSOR_IDENTIFIER=Intel64 Family 6 Model 140 Stepping 1, GenuineIntel



---------------  S Y S T E M  ---------------

OS: Windows 10 , 64 bit Build 19041 (10.0.19041.2364)

CPU:total 8 (initial active 8) (4 cores per cpu, 2 threads per core) family 6 model 140 stepping 1, cmov, cx8, fxsr, mmx, sse, sse2, sse3, ssse3, sse4.1, sse4.2, popcnt, avx, avx2, aes, clmul, erms, 3dnowpref, lzcnt, ht, tsc, tscinvbit, bmi1, bmi2, adx, evex, sha, fma

Memory: 4k page, system-wide physical 16064M (3232M free)
TotalPageFile size 30984M (AvailPageFile size 18M)
current process WorkingSet (physical memory assigned to process): 403M, peak: 403M
current process commit charge ("private bytes"): 485M, peak: 485M

vm_info: OpenJDK 64-Bit Server VM (11.0.2+9) for windows-amd64 JRE (11.0.2+9), built on Jan 18 2019 05:23:22 by "mach5one" with MS VC++ 15.5 (VS2017)

END.
